[debug] [2022-11-20T13:21:29.799Z] ----------------------------------------------------------------------
[debug] [2022-11-20T13:21:29.801Z] Command:       C:\Program Files\nodejs\node.exe C:\Users\Bazovsky\AppData\Roaming\npm\node_modules\firebase-tools\lib\bin\firebase.js init
[debug] [2022-11-20T13:21:29.801Z] CLI Version:   11.16.1
[debug] [2022-11-20T13:21:29.802Z] Platform:      win32
[debug] [2022-11-20T13:21:29.802Z] Node Version:  v16.14.0
[debug] [2022-11-20T13:21:29.808Z] Time:          Sun Nov 20 2022 16:21:29 GMT+0300 (Москва, стандартное время)
[debug] [2022-11-20T13:21:29.808Z] ----------------------------------------------------------------------
[debug] 
[debug] [2022-11-20T13:21:29.890Z] > command requires scopes: ["email","openid","https://www.googleapis.com/auth/cloudplatformprojects.readonly","https://www.googleapis.com/auth/firebase","https://www.googleapis.com/auth/cloud-platform"]
[debug] [2022-11-20T13:21:29.891Z] > authorizing via signed-in user (4voloshin@gmail.com)
[info] 
     ######## #### ########  ######## ########     ###     ######  ########
     ##        ##  ##     ## ##       ##     ##  ##   ##  ##       ##
     ######    ##  ########  ######   ########  #########  ######  ######
     ##        ##  ##    ##  ##       ##     ## ##     ##       ## ##
     ##       #### ##     ## ######## ########  ##     ##  ######  ########

You're about to initialize a Firebase project in this directory:

  E:\Frontend\Тестовые\womanup_test

Before we get started, keep in mind:

  * You are initializing within an existing Firebase project directory

